# JRE version: Java(TM) SE Runtime Environment (9.0+11) (build 9.0.4+11)
# Java VM: Java HotSpot(TM) 64-Bit Server VM (9.0.4+11, mixed mode, tiered, compressed oops, g1 gc, windows-amd64)
Heap:
 garbage-first heap   total 189440K, used 119203K [0x0000000700000000, 0x00000007001005c8, 0x00000007c0000000)
  region size 1024K, 54 young (55296K), 1 survivors (1024K)
 Metaspace       used 81072K, capacity 87254K, committed 87632K, reserved 1124352K
  class space    used 11260K, capacity 12309K, committed 12412K, reserved 1048576K
GC Heap History (10 events):
Event: 508.946 GC heap before
{Heap before GC invocations=98 (full 11):
 garbage-first heap   total 189440K, used 70597K [0x0000000700000000, 0x00000007001005c8, 0x00000007c0000000)
  region size 1024K, 3 young (3072K), 1 survivors (1024K)
 Metaspace       used 80732K, capacity 86912K, committed 87120K, reserved 1124352K
  class space    used 11233K, capacity 12306K, committed 12412K, reserved 1048576K
}
Event: 509.078 GC heap after
{Heap after GC invocations=99 (full 12):
 garbage-first heap   total 189440K, used 65401K [0x0000000700000000, 0x00000007001005c8, 0x00000007c0000000)
  region size 1024K, 0 young (0K), 0 survivors (0K)
 Metaspace       used 80732K, capacity 86912K, committed 87120K, reserved 1124352K
  class space    used 11233K, capacity 12306K, committed 12412K, reserved 1048576K
}
Event: 512.189 GC heap before
{Heap before GC invocations=99 (full 12):
 garbage-first heap   total 189440K, used 126841K [0x0000000700000000, 0x00000007001005c8, 0x00000007c0000000)
  region size 1024K, 60 young (61440K), 0 survivors (0K)
 Metaspace       used 80757K, capacity 86916K, committed 87120K, reserved 1124352K
  class space    used 11233K, capacity 12306K, committed 12412K, reserved 1048576K
}
Event: 512.191 GC heap after
{Heap after GC invocations=100 (full 12):
 garbage-first heap   total 189440K, used 65477K [0x0000000700000000, 0x00000007001005c8, 0x00000007c0000000)
  region size 1024K, 1 young (1024K), 1 survivors (1024K)
 Metaspace       used 80757K, capacity 86916K, committed 87120K, reserved 1124352K
  class space    used 11233K, capacity 12306K, committed 12412K, reserved 1048576K
}
Event: 514.082 GC heap before
{Heap before GC invocations=100 (full 12):
 garbage-first heap   total 189440K, used 125893K [0x0000000700000000, 0x00000007001005c8, 0x00000007c0000000)
  region size 1024K, 60 young (61440K), 1 survivors (1024K)
 Metaspace       used 80765K, capacity 86916K, committed 87120K, reserved 1124352K
  class space    used 11233K, capacity 12306K, committed 12412K, reserved 1048576K
}
Event: 514.084 GC heap after
{Heap after GC invocations=101 (full 12):
 garbage-first heap   total 189440K, used 65456K [0x0000000700000000, 0x00000007001005c8, 0x00000007c0000000)
  region size 1024K, 1 young (1024K), 1 survivors (1024K)
 Metaspace       used 80765K, capacity 86916K, committed 87120K, reserved 1124352K
  class space    used 11233K, capacity 12306K, committed 12412K, reserved 1048576K
}
Event: 515.129 GC heap before
{Heap before GC invocations=101 (full 12):
 garbage-first heap   total 189440K, used 125872K [0x0000000700000000, 0x00000007001005c8, 0x00000007c0000000)
  region size 1024K, 60 young (61440K), 1 survivors (1024K)
 Metaspace       used 80837K, capacity 86980K, committed 87376K, reserved 1124352K
  class space    used 11233K, capacity 12306K, committed 12412K, reserved 1048576K
}
Event: 515.130 GC heap after
{Heap after GC invocations=102 (full 12):
 garbage-first heap   total 189440K, used 65620K [0x0000000700000000, 0x00000007001005c8, 0x00000007c0000000)
  region size 1024K, 1 young (1024K), 1 survivors (1024K)
 Metaspace       used 80837K, capacity 86980K, committed 87376K, reserved 1124352K
  class space    used 11233K, capacity 12306K, committed 12412K, reserved 1048576K
}
Event: 517.243 GC heap before
{Heap before GC invocations=102 (full 12):
 garbage-first heap   total 189440K, used 126036K [0x0000000700000000, 0x00000007001005c8, 0x00000007c0000000)
  region size 1024K, 60 young (61440K), 1 survivors (1024K)
 Metaspace       used 80862K, capacity 87044K, committed 87376K, reserved 1124352K
  class space    used 11233K, capacity 12306K, committed 12412K, reserved 1048576K
}
Event: 517.245 GC heap after
{Heap after GC invocations=103 (full 12):
 garbage-first heap   total 189440K, used 65955K [0x0000000700000000, 0x00000007001005c8, 0x00000007c0000000)
  region size 1024K, 1 young (1024K), 1 survivors (1024K)
 Metaspace       used 80862K, capacity 87044K, committed 87376K, reserved 1124352K
  class space    used 11233K, capacity 12306K, committed 12412K, reserved 1048576K
}

